nohup: ignoring input
[2025-10-10 23:00:38 +0000] [390072] [INFO] Starting gunicorn 23.0.0
[2025-10-10 23:00:38 +0000] [390072] [INFO] Listening at: http://0.0.0.0:8000 (390072)
[2025-10-10 23:00:38 +0000] [390072] [INFO] Using worker: sync
[2025-10-10 23:00:38 +0000] [390073] [INFO] Booting worker with pid: 390073
Bad Request: /postsportsnotificationtoken/
Bad Request: /postsportsnotificationtoken/
Bad Request: /postsportsnotificationtoken/
Bad Request: /devathonsensordata/
Bad Request: /devathonsensordata/
Bad Request: /devathonsensordata/
Bad Request: /devathonsensordata/
Bad Request: /devathonsensordata/
Bad Request: /devathonsensordata/
Bad Request: /devathonsensordata/
Bad Request: /devathonsensordata/
Bad Request: /devathonsensordata/
Bad Request: /devathonsensordata/
Bad Request: /devathonsensordata/
Bad Request: /devathonsensordata/
Bad Request: /devathonsensordata/
Bad Request: /devathonsensordata/
Bad Request: /devathonsensordata/
Bad Request: /devathonsensordata/
Bad Request: /devathonsensordata/
Bad Request: /devathonsensordata/
Bad Request: /devathonsensordata/
Bad Request: /devathonsensordata/
Bad Request: /devathonsensordata/
Bad Request: /devathonsensordata/
Bad Request: /devathonsensordata/
Bad Request: /devathonsensordata/
Bad Request: /devathonsensordata/
Bad Request: /devathonsensordata/
Bad Request: /devathonsensordata/
Bad Request: /devathonsensordata/
Bad Request: /devathonsensordata/
Bad Request: /devathonsensordata/
Bad Request: /devathonsensordata/
Bad Request: /devathonsensordata/
Bad Request: /devathonsensordata/
Bad Request: /devathonsensordata/
Bad Request: /devathonsensordata/
Bad Request: /devathonsensordata/
Bad Request: /devathonsensordata/
Bad Request: /devathonsensordata/
Bad Request: /devathonsensordata/
Bad Request: /devathonsensordata/
Bad Request: /devathonsensordata/
Bad Request: /devathonsensordata/
Bad Request: /devathonsensordata/
Bad Request: /devathonsensordata/
Bad Request: /devathonsensordata/
Bad Request: /devathonsensordata/
Bad Request: /devathonsensordata/
Bad Request: /devathonsensordata/
Bad Request: /devathonsensordata/
Bad Request: /devathonsensordata/
Bad Request: /devathonsensordata/
Bad Request: /devathonsensordata/
Bad Request: /devathonsensordata/
Bad Request: /devathonsensordata/
Bad Request: /devathonsensordata/
Bad Request: /devathonsensordata/
Bad Request: /devathonsensordata/
Bad Request: /devathonsensordata/
Bad Request: /devathonsensordata/
Bad Request: /devathonsensordata/
Bad Request: /devathonsensordata/
Bad Request: /devathonsensordata/
Bad Request: /devathonsensordata/
Bad Request: /devathonsensordata/
Bad Request: /devathonsensordata/
Bad Request: /devathonsensordata/
Bad Request: /devathonsensordata/
Bad Request: /devathonsensordata/
Bad Request: /devathonsensordata/
Bad Request: /devathonsensordata/
Bad Request: /devathonsensordata/
Bad Request: /devathonsensordata/
Bad Request: /devathonsensordata/
Bad Request: /devathonsensordata/
Bad Request: /devathonsensordata/
Bad Request: /devathonsensordata/
Bad Request: /devathonsensordata/
Bad Request: /devathonsensordata/
Bad Request: /devathonsensordata/
Bad Request: /devathonsensordata/
Bad Request: /devathonsensordata/
Bad Request: /devathonsensordata/
Bad Request: /devathonsensordata/
Bad Request: /postsportsnotificationtoken/
Bad Request: /postsportsnotificationtoken/
Bad Request: /postsportsnotificationtoken/
Bad Request: /postsportsnotificationtoken/
Bad Request: /postsportsnotificationtoken/
Unauthorized: /assignmentslogin/
Not Found: /favicon.ico
Not Found: /443
Not Found: /favicon.ico
[2025-10-11 03:52:30 +0000] [390073] [WARNING] Invalid request from ip=167.94.138.125: Invalid HTTP Version: (2, 0)
[2025-10-11 03:56:52 +0000] [390073] [WARNING] Invalid request from ip=3.137.73.221: Invalid HTTP request line: 'SSH-2.0-Go'
[2025-10-11 03:57:12 +0000] [390073] [WARNING] Invalid request from ip=167.94.138.125: Invalid HTTP Version: (2, 0)
Not Found: /favicon.ico
Bad Request: /postsportsnotificationtoken/
Bad Request: /postsportsnotificationtoken/
[2025-10-11 15:18:48 +0000] [390072] [CRITICAL] WORKER TIMEOUT (pid:390073)
[2025-10-11 15:18:48 +0000] [390073] [ERROR] Error handling request (no URI read)
Traceback (most recent call last):
  File "/home/ubuntu/djangobackend/venv/lib/python3.12/site-packages/gunicorn/workers/sync.py", line 133, in handle
    req = next(parser)
          ^^^^^^^^^^^^
  File "/home/ubuntu/djangobackend/venv/lib/python3.12/site-packages/gunicorn/http/parser.py", line 41, in __next__
    self.mesg = self.mesg_class(self.cfg, self.unreader, self.source_addr, self.req_count)
                ^^^^^^^^^^^^^^^^^^^^^^^^^^^^^^^^^^^^^^^^^^^^^^^^^^^^^^^^^^^^^^^^^^^^^^^^^^
  File "/home/ubuntu/djangobackend/venv/lib/python3.12/site-packages/gunicorn/http/message.py", line 259, in __init__
    super().__init__(cfg, unreader, peer_addr)
  File "/home/ubuntu/djangobackend/venv/lib/python3.12/site-packages/gunicorn/http/message.py", line 60, in __init__
    unused = self.parse(self.unreader)
             ^^^^^^^^^^^^^^^^^^^^^^^^^
  File "/home/ubuntu/djangobackend/venv/lib/python3.12/site-packages/gunicorn/http/message.py", line 274, in parse
    line, rbuf = self.read_line(unreader, buf, self.limit_request_line)
                 ^^^^^^^^^^^^^^^^^^^^^^^^^^^^^^^^^^^^^^^^^^^^^^^^^^^^^^
  File "/home/ubuntu/djangobackend/venv/lib/python3.12/site-packages/gunicorn/http/message.py", line 326, in read_line
    self.get_data(unreader, buf)
  File "/home/ubuntu/djangobackend/venv/lib/python3.12/site-packages/gunicorn/http/message.py", line 262, in get_data
    data = unreader.read()
           ^^^^^^^^^^^^^^^
  File "/home/ubuntu/djangobackend/venv/lib/python3.12/site-packages/gunicorn/http/unreader.py", line 36, in read
    d = self.chunk()
        ^^^^^^^^^^^^
  File "/home/ubuntu/djangobackend/venv/lib/python3.12/site-packages/gunicorn/http/unreader.py", line 63, in chunk
    return self.sock.recv(self.mxchunk)
           ^^^^^^^^^^^^^^^^^^^^^^^^^^^^
  File "/home/ubuntu/djangobackend/venv/lib/python3.12/site-packages/gunicorn/workers/base.py", line 204, in handle_abort
    sys.exit(1)
SystemExit: 1
[2025-10-11 15:18:48 +0000] [390073] [INFO] Worker exiting (pid: 390073)
[2025-10-11 15:18:48 +0000] [392287] [INFO] Booting worker with pid: 392287
Method Not Allowed: /login/
[2025-10-12 03:55:27 +0000] [392287] [WARNING] Invalid request from ip=3.132.23.201: Invalid HTTP request line: 'SSH-2.0-Go'
Bad Request: /postsportsnotificationtoken/
Unauthorized: /assignmentslogin/
Unauthorized: /assignmentssignup/
Not Found: /favicon.ico
[2025-10-12 05:05:21 +0000] [392287] [WARNING] Invalid request from ip=206.168.34.206: Invalid HTTP Version: (2, 0)
[2025-10-12 05:05:27 +0000] [392287] [WARNING] Invalid request from ip=206.168.34.206: Invalid HTTP Version: (2, 0)
Not Found: /favicon.ico
Not Found: /sitemap.xml
Not Found: /favicon.ico
[2025-10-12 07:30:55 +0000] [392287] [WARNING] Invalid request from ip=165.154.206.204: Invalid HTTP request line: ''
Not Found: /aaa9
Not Found: /aab8
Not Found: /favicon.ico
Bad Request: /postsportsnotificationtoken/
Not Found: /favicon.ico
Method Not Allowed: /login/
[2025-10-13 04:59:53 +0000] [392287] [WARNING] Invalid request from ip=3.131.215.38: Invalid HTTP request line: 'SSH-2.0-Go'
Not Found: /.git/config
Not Found: /favicon.ico
[2025-10-13 06:14:22 +0000] [392287] [WARNING] Invalid request from ip=167.94.138.200: Invalid HTTP Version: (2, 0)
[2025-10-13 06:14:32 +0000] [392287] [WARNING] Invalid request from ip=167.94.138.200: Invalid HTTP Version: (2, 0)
Not Found: /favicon.ico
Bad Request: /postsportsnotificationtoken/
Not Found: /favicon.ico
Not Found: /favicon.ico
Bad Request: /postsportsnotificationtoken/
[2025-10-13 15:28:52 +0000] [390072] [CRITICAL] WORKER TIMEOUT (pid:392287)
[2025-10-13 15:28:52 +0000] [392287] [ERROR] Error handling request (no URI read)
Traceback (most recent call last):
  File "/home/ubuntu/djangobackend/venv/lib/python3.12/site-packages/gunicorn/workers/sync.py", line 133, in handle
    req = next(parser)
          ^^^^^^^^^^^^
  File "/home/ubuntu/djangobackend/venv/lib/python3.12/site-packages/gunicorn/http/parser.py", line 41, in __next__
    self.mesg = self.mesg_class(self.cfg, self.unreader, self.source_addr, self.req_count)
                ^^^^^^^^^^^^^^^^^^^^^^^^^^^^^^^^^^^^^^^^^^^^^^^^^^^^^^^^^^^^^^^^^^^^^^^^^^
  File "/home/ubuntu/djangobackend/venv/lib/python3.12/site-packages/gunicorn/http/message.py", line 259, in __init__
    super().__init__(cfg, unreader, peer_addr)
  File "/home/ubuntu/djangobackend/venv/lib/python3.12/site-packages/gunicorn/http/message.py", line 60, in __init__
    unused = self.parse(self.unreader)
             ^^^^^^^^^^^^^^^^^^^^^^^^^
  File "/home/ubuntu/djangobackend/venv/lib/python3.12/site-packages/gunicorn/http/message.py", line 274, in parse
    line, rbuf = self.read_line(unreader, buf, self.limit_request_line)
                 ^^^^^^^^^^^^^^^^^^^^^^^^^^^^^^^^^^^^^^^^^^^^^^^^^^^^^^
  File "/home/ubuntu/djangobackend/venv/lib/python3.12/site-packages/gunicorn/http/message.py", line 326, in read_line
    self.get_data(unreader, buf)
  File "/home/ubuntu/djangobackend/venv/lib/python3.12/site-packages/gunicorn/http/message.py", line 262, in get_data
    data = unreader.read()
           ^^^^^^^^^^^^^^^
  File "/home/ubuntu/djangobackend/venv/lib/python3.12/site-packages/gunicorn/http/unreader.py", line 36, in read
    d = self.chunk()
        ^^^^^^^^^^^^
  File "/home/ubuntu/djangobackend/venv/lib/python3.12/site-packages/gunicorn/http/unreader.py", line 63, in chunk
    return self.sock.recv(self.mxchunk)
           ^^^^^^^^^^^^^^^^^^^^^^^^^^^^
  File "/home/ubuntu/djangobackend/venv/lib/python3.12/site-packages/gunicorn/workers/base.py", line 204, in handle_abort
    sys.exit(1)
SystemExit: 1
[2025-10-13 15:28:52 +0000] [392287] [INFO] Worker exiting (pid: 392287)
❌ Failed for eh3syU35TX-f4AJ-oTElQl:APA91bGXWG5YHRDb3k07NC4awxzY9q_mTdmfac1DEBZqFUO6_eooYd-eDiLwGtPf_HavDxLq7ZYbUML8GwgdojzYJ1JrN5wV-TvvozO_Mnn8GHAAIVK6AO8: Requested entity was not found.
✅ Sent to eVhGoXJ7TOuZNCWg1ne-fI:APA91bHGPEgWE0btzA8SekW33h2ApVQe59D7vkTR7FdSIL5a1smD8em7oYVIl4AGw31_A-SKyPrLMr6dBW3oS0Pr8u7OuwCkDxAVlRO8lgN8O3COPuM5gOs: projects/sportsforchangeproject/messages/0:1760245405018242%63794a7363794a73
✅ Sent to elIUZQ98RRSDFUB9cojwXK:APA91bEtYLedoZgYCQSbq4HEVs80ddLHEhrOVtkTbUjb5WoMwoc0Bl2aspsLZvv6--TipN9uWCiZiF1a6ps_Su__7dA_p4bM9FHk1qb4ZO0MOtcUbWWxyHM: projects/sportsforchangeproject/messages/0:1760245405142212%63794a7363794a73
[2025-10-13 15:28:52 +0000] [399293] [INFO] Booting worker with pid: 399293
Method Not Allowed: /login/
Not Found: /favicon.ico
Not Found: /443
Not Found: /443
[2025-10-14 04:28:30 +0000] [399293] [WARNING] Invalid request from ip=3.132.23.201: Invalid HTTP request line: 'SSH-2.0-Go'
Not Found: /bins/
Not Found: /favicon.ico
Not Found: /bin/
Not Found: /backup/
Not Found: /favicon.ico
[2025-10-14 12:05:24 +0000] [399293] [WARNING] Invalid request from ip=206.168.34.206: Invalid HTTP Version: (2, 0)
[2025-10-14 12:05:31 +0000] [399293] [WARNING] Invalid request from ip=206.168.34.206: Invalid HTTP Version: (2, 0)
Not Found: /favicon.ico
Not Found: /robots.txt
[2025-10-14 13:15:06 +0000] [390072] [CRITICAL] WORKER TIMEOUT (pid:399293)
[2025-10-14 13:15:06 +0000] [399293] [ERROR] Error handling request (no URI read)
Traceback (most recent call last):
  File "/home/ubuntu/djangobackend/venv/lib/python3.12/site-packages/gunicorn/workers/sync.py", line 133, in handle
    req = next(parser)
          ^^^^^^^^^^^^
  File "/home/ubuntu/djangobackend/venv/lib/python3.12/site-packages/gunicorn/http/parser.py", line 41, in __next__
    self.mesg = self.mesg_class(self.cfg, self.unreader, self.source_addr, self.req_count)
                ^^^^^^^^^^^^^^^^^^^^^^^^^^^^^^^^^^^^^^^^^^^^^^^^^^^^^^^^^^^^^^^^^^^^^^^^^^
  File "/home/ubuntu/djangobackend/venv/lib/python3.12/site-packages/gunicorn/http/message.py", line 259, in __init__
    super().__init__(cfg, unreader, peer_addr)
  File "/home/ubuntu/djangobackend/venv/lib/python3.12/site-packages/gunicorn/http/message.py", line 60, in __init__
    unused = self.parse(self.unreader)
             ^^^^^^^^^^^^^^^^^^^^^^^^^
  File "/home/ubuntu/djangobackend/venv/lib/python3.12/site-packages/gunicorn/http/message.py", line 274, in parse
    line, rbuf = self.read_line(unreader, buf, self.limit_request_line)
                 ^^^^^^^^^^^^^^^^^^^^^^^^^^^^^^^^^^^^^^^^^^^^^^^^^^^^^^
  File "/home/ubuntu/djangobackend/venv/lib/python3.12/site-packages/gunicorn/http/message.py", line 326, in read_line
    self.get_data(unreader, buf)
  File "/home/ubuntu/djangobackend/venv/lib/python3.12/site-packages/gunicorn/http/message.py", line 262, in get_data
    data = unreader.read()
           ^^^^^^^^^^^^^^^
  File "/home/ubuntu/djangobackend/venv/lib/python3.12/site-packages/gunicorn/http/unreader.py", line 36, in read
    d = self.chunk()
        ^^^^^^^^^^^^
  File "/home/ubuntu/djangobackend/venv/lib/python3.12/site-packages/gunicorn/http/unreader.py", line 63, in chunk
    return self.sock.recv(self.mxchunk)
           ^^^^^^^^^^^^^^^^^^^^^^^^^^^^
  File "/home/ubuntu/djangobackend/venv/lib/python3.12/site-packages/gunicorn/workers/base.py", line 204, in handle_abort
    sys.exit(1)
SystemExit: 1
[2025-10-14 13:15:06 +0000] [399293] [INFO] Worker exiting (pid: 399293)
[2025-10-14 13:15:06 +0000] [402489] [INFO] Booting worker with pid: 402489
Not Found: /auth/github/redirect'
Method Not Allowed: /login/
Not Found: /favicon.ico
Not Found: /443
Not Found: /bins/
Not Found: /bin/
Not Found: /backup/
Bad Request: /postsportsnotificationtoken/
Not Found: /favicon.ico
[2025-10-15 05:45:09 +0000] [402489] [WARNING] Invalid request from ip=3.131.215.38: Invalid HTTP request line: 'SSH-2.0-Go'
Bad Request: /kisanregister/
Unauthorized: /kisanlogin/
Unauthorized: /kisanlogin/
Bad Request: /kisanregister/
Unauthorized: /kisanlogin/
Not Found: /favicon.ico
[2025-10-15 10:34:33 +0000] [402489] [WARNING] Invalid request from ip=199.45.155.104: Invalid HTTP Version: (2, 0)
[2025-10-15 10:34:37 +0000] [402489] [WARNING] Invalid request from ip=199.45.155.104: Invalid HTTP Version: (2, 0)
Not Found: /favicon.ico
Not Found: /.well-known/security.txt
Bad Request: /postsportsnotificationtoken/
Bad Request: /postsportsnotificationtoken/
Method Not Allowed: /login/
Not Found: /bins/
Not Found: /bin/
Not Found: /backup/
Bad Request: /kisanregister/
Unauthorized: /kisanlogin/
Unauthorized: /kisanlogin/
Unauthorized: /kisanlogin/
Unauthorized: /kisanlogin/
Unauthorized: /kisanlogin/
Unauthorized: /kisanlogin/
Unauthorized: /kisanlogin/
Unauthorized: /kisanlogin/
Unauthorized: /kisanlogin/
Unauthorized: /kisanlogin/
Unauthorized: /kisanlogin/
Unauthorized: /kisanlogin/
Unauthorized: /kisanlogin/
Bad Request: /postsportsnotificationtoken/
Bad Request: /postsportsnotificationtoken/
Unauthorized: /assignmentssignup/
Bad Request: /postsportsnotificationtoken/
[2025-10-16 05:53:52 +0000] [402489] [WARNING] Invalid request from ip=3.131.215.38: Invalid HTTP request line: 'SSH-2.0-Go'
Not Found: /favicon.ico
Bad Request: /postsportsnotificationtoken/
Not Found: /favicon.ico
Not Found: /sitemap.xml
Not Found: /robots.txt
Method Not Allowed: /login/
Bad Request: /postsportsnotificationtoken/
Not Found: /favicon.ico
[2025-10-16 16:43:45 +0000] [402489] [WARNING] Invalid request from ip=167.94.138.168: Invalid HTTP Version: (2, 0)
[2025-10-16 16:43:59 +0000] [402489] [WARNING] Invalid request from ip=167.94.138.168: Invalid HTTP Version: (2, 0)
Not Found: /favicon.ico
Not Found: /sitemap.xml
Not Found: /./doc/page/login.asp
Not Found: /favicon.ico
Not Found: /443
[2025-10-17 07:55:21 +0000] [402489] [WARNING] Invalid request from ip=3.130.96.91: Invalid HTTP request line: 'SSH-2.0-Go'
Method Not Allowed: /login/
Not Found: /favicon.ico
[2025-10-17 17:37:55 +0000] [402489] [WARNING] Invalid request from ip=162.142.125.199: Invalid HTTP Version: (2, 0)
[2025-10-17 17:37:59 +0000] [402489] [WARNING] Invalid request from ip=162.142.125.199: Invalid HTTP Version: (2, 0)
Not Found: /favicon.ico
Not Found: /wiki
[2025-10-18 07:25:02 +0000] [402489] [WARNING] Invalid request from ip=3.130.96.91: Invalid HTTP request line: 'SSH-2.0-Go'
Bad Request: /postsportsnotificationtoken/
Bad Request: /postsportsnotificationtoken/
Not Found: /favicon.ico
Not Found: /443
Not Found: /DevicesGateway/apps/system-app-metadata/1
Method Not Allowed: /login/
Not Found: /favicon.ico
Not Found: /favicon.ico
[2025-10-18 20:12:36 +0000] [402489] [WARNING] Invalid request from ip=162.142.125.36: Invalid HTTP Version: (2, 0)
[2025-10-18 20:12:42 +0000] [402489] [WARNING] Invalid request from ip=162.142.125.36: Invalid HTTP Version: (2, 0)
Not Found: /favicon.ico
Not Found: /wiki
Not Found: /.git/config
Not Found: /aaa9
Not Found: /aab8
Not Found: /favicon.ico
[2025-10-18 22:53:40 +0000] [402489] [WARNING] Invalid request from ip=199.45.155.84: Invalid HTTP Version: (2, 0)
[2025-10-18 22:53:43 +0000] [402489] [WARNING] Invalid request from ip=199.45.155.84: Invalid HTTP Version: (2, 0)
Not Found: /favicon.ico
Not Found: /wiki
Not Found: /favicon.ico
Not Found: /favicon.ico
Not Found: /443
Bad Request: /postsportsnotificationtoken/
[2025-10-19 08:13:58 +0000] [402489] [WARNING] Invalid request from ip=3.149.59.26: Invalid HTTP request line: 'SSH-2.0-Go'
Bad Request: /postsportsnotificationtoken/
Not Found: /.git/config
Method Not Allowed: /login/
Bad Request: /postsportsnotificationtoken/
Not Found: /favicon.ico
Bad Request: /postsportsnotificationtoken/
Bad Request: /postsportsnotificationtoken/
Bad Request: /postsportsnotificationtoken/
Bad Request: /postsportsnotificationtoken/
Bad Request: /postsportsnotificationtoken/
Bad Request: /postsportsnotificationtoken/
Not Found: /favicon.ico
[2025-10-20 00:24:16 +0000] [402489] [WARNING] Invalid request from ip=162.142.125.45: Invalid HTTP Version: (2, 0)
[2025-10-20 00:24:23 +0000] [402489] [WARNING] Invalid request from ip=162.142.125.45: Invalid HTTP Version: (2, 0)
Not Found: /favicon.ico
Not Found: /robots.txt
Not Found: /doc/page/login.asp
Not Found: /favicon.ico
[2025-10-20 07:09:39 +0000] [402489] [WARNING] Invalid request from ip=3.130.96.91: Invalid HTTP request line: 'SSH-2.0-Go'
Method Not Allowed: /login/
Not Found: /favicon.ico
[2025-10-20 21:49:27 +0000] [402489] [WARNING] Invalid request from ip=134.209.233.110: Invalid HTTP request line: ''
Not Found: /v2/_catalog
Not Found: /solr/admin/info/system
Not Found: /query
Not Found: /cgi-bin/authLogin.cgi
Not Found: /solr/admin/cores
Not Found: /favicon.ico
Not Found: /solr/admin/cores
Not Found: /favicon.ico
Not Found: /solr/admin/cores
Not Found: /favicon.ico
Not Found: /favicon.ico
[2025-10-21 01:49:35 +0000] [402489] [WARNING] Invalid request from ip=167.94.138.118: Invalid HTTP Version: (2, 0)
[2025-10-21 01:49:43 +0000] [402489] [WARNING] Invalid request from ip=167.94.138.118: Invalid HTTP Version: (2, 0)
Not Found: /favicon.ico
Not Found: /security.txt
Not Found: /favicon.ico
Not Found: /443
Not Found: /bins/
Not Found: /bin/
Not Found: /backup/
Bad Request: /postsportsnotificationtoken/
Method Not Allowed: /login/
[2025-10-21 08:41:52 +0000] [402489] [WARNING] Invalid request from ip=3.131.215.38: Invalid HTTP request line: 'SSH-2.0-Go'
[2025-10-21 09:39:24 +0000] [402489] [WARNING] Invalid request from ip=152.32.215.244: Invalid HTTP request line: ''
Not Found: /favicon.ico
Not Found: /sitemap.xml
Not Found: /robots.txt
Not Found: /doc/page/login.asp
Method Not Allowed: /login/
Not Found: /favicon.ico
[2025-10-22 07:31:33 +0000] [402489] [WARNING] Invalid request from ip=162.142.125.47: Invalid HTTP Version: (2, 0)
[2025-10-22 07:31:39 +0000] [402489] [WARNING] Invalid request from ip=162.142.125.47: Invalid HTTP Version: (2, 0)
Not Found: /favicon.ico
Not Found: /.well-known/security.txt
[2025-10-22 08:18:00 +0000] [402489] [WARNING] Invalid request from ip=198.235.24.157: Invalid HTTP request line: ''
[2025-10-22 08:18:57 +0000] [402489] [WARNING] Invalid request from ip=198.235.24.157: Invalid HTTP request line: ''
[2025-10-22 08:54:11 +0000] [402489] [WARNING] Invalid request from ip=3.132.23.201: Invalid HTTP request line: 'SSH-2.0-Go'
Not Found: /favicon.ico
Not Found: /443
Not Found: /.git/config
Not Found: /.git/config
Not Found: /favicon.ico
[2025-10-22 18:57:29 +0000] [402489] [WARNING] Invalid request from ip=199.45.155.80: Invalid HTTP Version: (2, 0)
[2025-10-22 18:57:34 +0000] [402489] [WARNING] Invalid request from ip=199.45.155.80: Invalid HTTP Version: (2, 0)
Not Found: /favicon.ico
Not Found: /wiki
Method Not Allowed: /login/
Not Found: /favicon.ico
Not Found: /443
[2025-10-23 05:33:10 +0000] [390072] [CRITICAL] WORKER TIMEOUT (pid:402489)
[2025-10-23 05:33:10 +0000] [402489] [ERROR] Error handling request (no URI read)
Traceback (most recent call last):
  File "/home/ubuntu/djangobackend/venv/lib/python3.12/site-packages/gunicorn/workers/sync.py", line 133, in handle
    req = next(parser)
          ^^^^^^^^^^^^
  File "/home/ubuntu/djangobackend/venv/lib/python3.12/site-packages/gunicorn/http/parser.py", line 41, in __next__
    self.mesg = self.mesg_class(self.cfg, self.unreader, self.source_addr, self.req_count)
                ^^^^^^^^^^^^^^^^^^^^^^^^^^^^^^^^^^^^^^^^^^^^^^^^^^^^^^^^^^^^^^^^^^^^^^^^^^
  File "/home/ubuntu/djangobackend/venv/lib/python3.12/site-packages/gunicorn/http/message.py", line 259, in __init__
    super().__init__(cfg, unreader, peer_addr)
  File "/home/ubuntu/djangobackend/venv/lib/python3.12/site-packages/gunicorn/http/message.py", line 60, in __init__
    unused = self.parse(self.unreader)
             ^^^^^^^^^^^^^^^^^^^^^^^^^
  File "/home/ubuntu/djangobackend/venv/lib/python3.12/site-packages/gunicorn/http/message.py", line 271, in parse
    self.get_data(unreader, buf, stop=True)
  File "/home/ubuntu/djangobackend/venv/lib/python3.12/site-packages/gunicorn/http/message.py", line 262, in get_data
    data = unreader.read()
           ^^^^^^^^^^^^^^^
  File "/home/ubuntu/djangobackend/venv/lib/python3.12/site-packages/gunicorn/http/unreader.py", line 36, in read
    d = self.chunk()
        ^^^^^^^^^^^^
  File "/home/ubuntu/djangobackend/venv/lib/python3.12/site-packages/gunicorn/http/unreader.py", line 63, in chunk
    return self.sock.recv(self.mxchunk)
           ^^^^^^^^^^^^^^^^^^^^^^^^^^^^
  File "/home/ubuntu/djangobackend/venv/lib/python3.12/site-packages/gunicorn/workers/base.py", line 204, in handle_abort
    sys.exit(1)
SystemExit: 1
[2025-10-23 05:33:10 +0000] [402489] [INFO] Worker exiting (pid: 402489)
[2025-10-23 05:33:10 +0000] [433202] [INFO] Booting worker with pid: 433202
Not Found: /favicon.ico
[2025-10-23 10:50:39 +0000] [433202] [WARNING] Invalid request from ip=3.132.23.201: Invalid HTTP request line: 'SSH-2.0-Go'
Not Found: /favicon.ico
Not Found: /favicon.ico
Not Found: /favicon.ico
Method Not Allowed: /login/
Not Found: /aaa9
Not Found: /aab8
Not Found: /favicon.ico
[2025-10-24 07:53:11 +0000] [433202] [WARNING] Invalid request from ip=167.94.138.123: Invalid HTTP Version: (2, 0)
Not Found: /favicon.ico
[2025-10-24 07:53:55 +0000] [390072] [CRITICAL] WORKER TIMEOUT (pid:433202)
[2025-10-24 07:53:55 +0000] [433202] [ERROR] Error handling request (no URI read)
Traceback (most recent call last):
  File "/home/ubuntu/djangobackend/venv/lib/python3.12/site-packages/gunicorn/workers/sync.py", line 133, in handle
    req = next(parser)
          ^^^^^^^^^^^^
  File "/home/ubuntu/djangobackend/venv/lib/python3.12/site-packages/gunicorn/http/parser.py", line 41, in __next__
    self.mesg = self.mesg_class(self.cfg, self.unreader, self.source_addr, self.req_count)
                ^^^^^^^^^^^^^^^^^^^^^^^^^^^^^^^^^^^^^^^^^^^^^^^^^^^^^^^^^^^^^^^^^^^^^^^^^^
  File "/home/ubuntu/djangobackend/venv/lib/python3.12/site-packages/gunicorn/http/message.py", line 259, in __init__
    super().__init__(cfg, unreader, peer_addr)
  File "/home/ubuntu/djangobackend/venv/lib/python3.12/site-packages/gunicorn/http/message.py", line 60, in __init__
    unused = self.parse(self.unreader)
             ^^^^^^^^^^^^^^^^^^^^^^^^^
  File "/home/ubuntu/djangobackend/venv/lib/python3.12/site-packages/gunicorn/http/message.py", line 274, in parse
    line, rbuf = self.read_line(unreader, buf, self.limit_request_line)
                 ^^^^^^^^^^^^^^^^^^^^^^^^^^^^^^^^^^^^^^^^^^^^^^^^^^^^^^
  File "/home/ubuntu/djangobackend/venv/lib/python3.12/site-packages/gunicorn/http/message.py", line 326, in read_line
    self.get_data(unreader, buf)
  File "/home/ubuntu/djangobackend/venv/lib/python3.12/site-packages/gunicorn/http/message.py", line 262, in get_data
    data = unreader.read()
           ^^^^^^^^^^^^^^^
  File "/home/ubuntu/djangobackend/venv/lib/python3.12/site-packages/gunicorn/http/unreader.py", line 36, in read
    d = self.chunk()
        ^^^^^^^^^^^^
  File "/home/ubuntu/djangobackend/venv/lib/python3.12/site-packages/gunicorn/http/unreader.py", line 63, in chunk
    return self.sock.recv(self.mxchunk)
           ^^^^^^^^^^^^^^^^^^^^^^^^^^^^
  File "/home/ubuntu/djangobackend/venv/lib/python3.12/site-packages/gunicorn/workers/base.py", line 204, in handle_abort
    sys.exit(1)
SystemExit: 1
[2025-10-24 07:53:55 +0000] [433202] [INFO] Worker exiting (pid: 433202)
[2025-10-24 07:53:56 +0000] [442373] [INFO] Booting worker with pid: 442373
Not Found: /wiki
[2025-10-24 09:18:26 +0000] [442373] [WARNING] Invalid request from ip=3.131.215.38: Invalid HTTP request line: 'SSH-2.0-Go'
Not Found: /aaa9
Not Found: /aab8
Not Found: /doc/page/login.asp
Method Not Allowed: /login/
Not Found: /favicon.ico
Not Found: /443
Bad Request: /postsportsnotificationtoken/
Bad Request: /postsportsnotificationtoken/
Bad Request: /postsportsnotificationtoken/
Bad Request: /postsportsnotificationtoken/
Bad Request: /postsportsnotificationtoken/
Bad Request: /postsportsnotificationtoken/
Bad Request: /postsportsnotificationtoken/
